TN:
SF:src/controllers/job.controller.js
FN:4,getJobs
FN:8,postJob
FN:15,getJobById
FN:26,deleteJobById
FN:37,patchJobById
FNF:5
FNH:5
FNDA:3,getJobs
FNDA:2,postJob
FNDA:2,getJobById
FNDA:2,deleteJobById
FNDA:2,patchJobById
DA:1,1
DA:2,1
DA:3,1
DA:4,1
DA:5,3
DA:6,3
DA:7,1
DA:8,1
DA:9,2
DA:10,2
DA:11,2
DA:12,1
DA:13,1
DA:14,1
DA:15,1
DA:16,2
DA:17,2
DA:18,2
DA:19,2
DA:20,1
DA:21,1
DA:22,1
DA:23,1
DA:24,2
DA:25,1
DA:26,1
DA:27,2
DA:28,2
DA:29,2
DA:30,2
DA:31,1
DA:32,1
DA:33,1
DA:34,1
DA:35,2
DA:36,1
DA:37,1
DA:38,2
DA:39,2
DA:40,2
DA:41,2
DA:42,2
DA:43,2
DA:44,2
DA:45,2
DA:46,2
DA:47,2
DA:48,1
DA:49,1
DA:50,1
DA:51,1
DA:52,2
DA:53,1
DA:54,1
DA:55,1
DA:56,1
DA:57,1
DA:58,1
DA:59,1
DA:60,1
LF:60
LH:60
BRDA:4,0,0,3
BRDA:8,1,0,2
BRDA:11,2,0,1
BRDA:15,3,0,2
BRDA:19,4,0,1
BRDA:26,5,0,2
BRDA:30,6,0,1
BRDA:37,7,0,2
BRDA:47,8,0,1
BRF:9
BRH:9
end_of_record
TN:
SF:src/models/model.js
FN:3,sanitizeOutput
FN:17,genUUID
FN:37,getDate
FNF:3
FNH:0
FNDA:0,sanitizeOutput
FNDA:0,genUUID
FNDA:0,getDate
DA:1,1
DA:2,1
DA:3,1
DA:4,0
DA:5,0
DA:6,1
DA:7,1
DA:8,1
DA:9,1
DA:10,1
DA:11,1
DA:12,1
DA:13,1
DA:14,1
DA:15,1
DA:16,1
DA:17,1
DA:18,0
DA:19,1
DA:20,1
DA:21,1
DA:22,1
DA:23,1
DA:24,1
DA:25,1
DA:26,1
DA:27,1
DA:28,1
DA:29,1
DA:30,1
DA:31,1
DA:32,1
DA:33,1
DA:34,1
DA:35,1
DA:36,1
DA:37,1
DA:38,0
DA:39,0
DA:40,1
DA:41,1
DA:42,1
DA:43,1
DA:44,1
DA:45,1
DA:46,1
DA:47,1
DA:48,1
DA:49,1
DA:50,1
DA:51,1
LF:51
LH:46
BRF:0
BRH:0
end_of_record
